<?xml version="1.0" encoding="UTF-8"?>
<testsuite name="com.shop.coffeeshop.CoffeeShopApplicationTests" tests="1" skipped="0" failures="0" errors="0" timestamp="2024-10-18T07:45:39" hostname="AVADHOOT" time="2.653">
  <properties/>
  <testcase name="testReceiptGeneration()" classname="com.shop.coffeeshop.CoffeeShopApplicationTests" time="2.653"/>
  <system-out><![CDATA[13:15:32.552 [Test worker] INFO org.springframework.test.context.support.AnnotationConfigContextLoaderUtils -- Could not detect default configuration classes for test class [com.shop.coffeeshop.CoffeeShopApplicationTests]: CoffeeShopApplicationTests does not declare any static, non-private, non-final, nested classes annotated with @Configuration.
13:15:32.961 [Test worker] INFO org.springframework.boot.test.context.SpringBootTestContextBootstrapper -- Found @SpringBootConfiguration com.shop.coffeeshop.CoffeeShopApplication for test class com.shop.coffeeshop.CoffeeShopApplicationTests

  .   ____          _            __ _ _
 /\\ / ___'_ __ _ _(_)_ __  __ _ \ \ \ \
( ( )\___ | '_ | '_| | '_ \/ _` | \ \ \ \
 \\/  ___)| |_)| | | | | || (_| |  ) ) ) )
  '  |____| .__|_| |_|_| |_\__, | / / / /
 =========|_|==============|___/=/_/_/_/

 :: Spring Boot ::                (v3.3.4)

2024-10-18T13:15:34.542+05:30  INFO 20332 --- [coffee-shop] [    Test worker] c.s.c.CoffeeShopApplicationTests         : Starting CoffeeShopApplicationTests using Java 21.0.3 with PID 20332 (started by avadh in E:\Practice Projects\Java\TechM Demo\coffee-shop)
2024-10-18T13:15:34.547+05:30  INFO 20332 --- [coffee-shop] [    Test worker] c.s.c.CoffeeShopApplicationTests         : No active profile set, falling back to 1 default profile: "default"
2024-10-18T13:15:37.285+05:30  WARN 20332 --- [coffee-shop] [    Test worker] trationDelegate$BeanPostProcessorChecker : Bean 'org.springframework.ws.config.annotation.DelegatingWsConfiguration' of type [org.springframework.ws.config.annotation.DelegatingWsConfiguration$$SpringCGLIB$$0] is not eligible for getting processed by all BeanPostProcessors (for example: not eligible for auto-proxying). The currently created BeanPostProcessor [annotationActionEndpointMapping] is declared through a non-static factory method on that class; consider declaring it as static instead.
2024-10-18T13:15:37.400+05:30  INFO 20332 --- [coffee-shop] [    Test worker] .w.s.a.s.AnnotationActionEndpointMapping : Supporting [WS-Addressing August 2004, WS-Addressing 1.0]
2024-10-18T13:15:39.129+05:30  INFO 20332 --- [coffee-shop] [    Test worker] c.s.c.CoffeeShopApplicationTests         : Started CoffeeShopApplicationTests in 5.458 seconds (process running for 9.816)
]]></system-out>
  <system-err><![CDATA[WARNING: A Java agent has been loaded dynamically (C:\Users\avadh\.gradle\caches\modules-2\files-2.1\net.bytebuddy\byte-buddy-agent\1.14.19\154da3a65b4f4a909d3e5bdec55d1b2b4cbb6ce1\byte-buddy-agent-1.14.19.jar)
WARNING: If a serviceability tool is in use, please run with -XX:+EnableDynamicAgentLoading to hide this warning
WARNING: If a serviceability tool is not in use, please run with -Djdk.instrument.traceUsage for more information
WARNING: Dynamic loading of agents will be disallowed by default in a future release
]]></system-err>
</testsuite>
